# JRE version: Java(TM) SE Runtime Environment 18.9 (11.0.9+7) (build 11.0.9+7-LTS)
# Java VM: Java HotSpot(TM) 64-Bit Server VM 18.9 (11.0.9+7-LTS, mixed mode, tiered, compressed oops, g1 gc, windows-amd64)
Heap:
 garbage-first heap   total 262144K, used 125952K [0x00000000e0000000, 0x0000000100000000)
  region size 1024K, 12 young (12288K), 10 survivors (10240K)
 Metaspace       used 88789K, capacity 92226K, committed 92412K, reserved 335872K
  class space    used 10873K, capacity 12176K, committed 12236K, reserved 253952K
GC Heap History (10 events):
Event: 1129.183 GC heap before
{Heap before GC invocations=40 (full 0):
 garbage-first heap   total 262144K, used 197133K [0x00000000e0000000, 0x0000000100000000)
  region size 1024K, 91 young (93184K), 1 survivors (1024K)
 Metaspace       used 87084K, capacity 90394K, committed 90620K, reserved 333824K
  class space    used 10693K, capacity 11945K, committed 11980K, reserved 253952K
}
Event: 1129.237 GC heap after
{Heap after GC invocations=41 (full 0):
 garbage-first heap   total 262144K, used 122586K [0x00000000e0000000, 0x0000000100000000)
  region size 1024K, 12 young (12288K), 12 survivors (12288K)
 Metaspace       used 87084K, capacity 90394K, committed 90620K, reserved 333824K
  class space    used 10693K, capacity 11945K, committed 11980K, reserved 253952K
}
Event: 1130.743 GC heap before
{Heap before GC invocations=42 (full 0):
 garbage-first heap   total 262144K, used 202458K [0x00000000e0000000, 0x0000000100000000)
  region size 1024K, 91 young (93184K), 12 survivors (12288K)
 Metaspace       used 87138K, capacity 90479K, committed 90620K, reserved 333824K
  class space    used 10697K, capacity 11952K, committed 11980K, reserved 253952K
}
Event: 1130.792 GC heap after
{Heap after GC invocations=43 (full 0):
 garbage-first heap   total 262144K, used 133345K [0x00000000e0000000, 0x0000000100000000)
  region size 1024K, 11 young (11264K), 11 survivors (11264K)
 Metaspace       used 87138K, capacity 90479K, committed 90620K, reserved 333824K
  class space    used 10697K, capacity 11952K, committed 11980K, reserved 253952K
}
Event: 1130.819 GC heap before
{Heap before GC invocations=43 (full 0):
 garbage-first heap   total 262144K, used 134369K [0x00000000e0000000, 0x0000000100000000)
  region size 1024K, 12 young (12288K), 11 survivors (11264K)
 Metaspace       used 87140K, capacity 90479K, committed 90620K, reserved 333824K
  class space    used 10697K, capacity 11952K, committed 11980K, reserved 253952K
}
Event: 1130.859 GC heap after
{Heap after GC invocations=44 (full 0):
 garbage-first heap   total 262144K, used 129489K [0x00000000e0000000, 0x0000000100000000)
  region size 1024K, 2 young (2048K), 2 survivors (2048K)
 Metaspace       used 87140K, capacity 90479K, committed 90620K, reserved 333824K
  class space    used 10697K, capacity 11952K, committed 11980K, reserved 253952K
}
Event: 1132.457 GC heap before
{Heap before GC invocations=44 (full 0):
 garbage-first heap   total 262144K, used 205265K [0x00000000e0000000, 0x0000000100000000)
  region size 1024K, 77 young (78848K), 2 survivors (2048K)
 Metaspace       used 87159K, capacity 90482K, committed 90620K, reserved 333824K
  class space    used 10698K, capacity 11952K, committed 11980K, reserved 253952K
}
Event: 1132.473 GC heap after
{Heap after GC invocations=45 (full 0):
 garbage-first heap   total 262144K, used 129977K [0x00000000e0000000, 0x0000000100000000)
  region size 1024K, 2 young (2048K), 2 survivors (2048K)
 Metaspace       used 87159K, capacity 90482K, committed 90620K, reserved 333824K
  class space    used 10698K, capacity 11952K, committed 11980K, reserved 253952K
}
Event: 1838.924 GC heap before
{Heap before GC invocations=46 (full 0):
 garbage-first heap   total 262144K, used 194489K [0x00000000e0000000, 0x0000000100000000)
  region size 1024K, 80 young (81920K), 2 survivors (2048K)
 Metaspace       used 88788K, capacity 92226K, committed 92412K, reserved 335872K
  class space    used 10873K, capacity 12176K, committed 12236K, reserved 253952K
}
Event: 1838.955 GC heap after
{Heap after GC invocations=47 (full 0):
 garbage-first heap   total 262144K, used 124928K [0x00000000e0000000, 0x0000000100000000)
  region size 1024K, 10 young (10240K), 10 survivors (10240K)
 Metaspace       used 88788K, capacity 92226K, committed 92412K, reserved 335872K
  class space    used 10873K, capacity 12176K, committed 12236K, reserved 253952K
}

